<?xml version="1.0" encoding="UTF-8"?>
<!-- Generated by org.testng.reporters.JUnitXMLReporter -->
<testsuite hostname="LAPTOP-AG8IO77N" name="Command line test" tests="7" failures="0" timestamp="2 Apr 2017 22:18:47 GMT" time="170.023" errors="0">
  <testcase name="alogin_Positive" time="0.015" classname="com.presta.tests.SmokeTest"/>
  <testcase name="loginNegative" time="16.173" classname="com.presta.tests.SmokeTest"/>
  <testcase name="searchProduct" time="8.209" classname="com.presta.tests.SmokeTest"/>
  <testcase name="addanddelete" time="29.473" classname="com.presta.tests.SmokeTest"/>
  <testcase name="cartaddressverify" time="26.056" classname="com.presta.tests.SmokeTest"/>
  <testcase name="cartshippingverify" time="36.184" classname="com.presta.tests.SmokeTest"/>
  <testcase name="cartpaymentVerification" time="42.799" classname="com.presta.tests.SmokeTest"/>
</testsuite> <!-- Command line test -->
